<?xml version="1.0" encoding="UTF-8"?>
<!-- Generated by org.testng.reporters.JUnitXMLReporter -->
<testsuite hostname="Rudra-Heart" ignored="8" name="Tests_on_Emulator_Pixel_3" tests="7" failures="1" timestamp="2023-06-01T10:11:11 IST" time="111.466" errors="0">
  <testcase name="invalidPassword" time="7.388" classname="com.appium.tests.LoginTests"/>
  <testcase name="invalidUserName" time="4.517" classname="com.appium.tests.LoginTests"/>
  <testcase name="successfulLogin" time="6.444" classname="com.appium.tests.LoginTests"/>
  <testcase name="validateProductOnProductDetailsPage" time="20.097" classname="com.appium.tests.ProductTests">
    <skipped/>
  </testcase> <!-- validateProductOnProductDetailsPage -->
  <testcase name="validateProductOnProductDetailsPage" time="16.84" classname="com.appium.tests.ProductTests"/>
  <testcase name="validateProductOnProductsPage" time="8.703" classname="com.appium.tests.ProductTests">
    <skipped/>
  </testcase> <!-- validateProductOnProductsPage -->
  <testcase name="validateProductOnProductsPage" time="9.728" classname="com.appium.tests.ProductTests">
    <failure type="java.lang.AssertionError" message="*******************************Failing intentionally">
      <![CDATA[java.lang.AssertionError: *******************************Failing intentionally
at com.appium.tests.ProductTests.validateProductOnProductsPage(ProductTests.java:115)
at java.util.ArrayList.forEach(ArrayList.java:1259)
... Removed 28 stack frames]]>
    </failure>
  </testcase> <!-- validateProductOnProductsPage -->
  <testcase name="@BeforeTest beforeTest" time="0.0" classname="com.appium.base.BaseTest">
    <ignored/>
  </testcase> <!-- @BeforeTest beforeTest -->
  <testcase name="@BeforeTest beforeTest" time="0.0" classname="com.appium.base.BaseTest">
    <ignored/>
  </testcase> <!-- @BeforeTest beforeTest -->
  <testcase name="@AfterSuite afterSuite" time="0.0" classname="com.appium.base.BaseTest">
    <ignored/>
  </testcase> <!-- @AfterSuite afterSuite -->
  <testcase name="@AfterSuite afterSuite" time="0.0" classname="com.appium.base.BaseTest">
    <ignored/>
  </testcase> <!-- @AfterSuite afterSuite -->
  <testcase name="@BeforeSuite beforeSuite" time="0.0" classname="com.appium.base.BaseTest">
    <ignored/>
  </testcase> <!-- @BeforeSuite beforeSuite -->
  <testcase name="@BeforeSuite beforeSuite" time="0.0" classname="com.appium.base.BaseTest">
    <ignored/>
  </testcase> <!-- @BeforeSuite beforeSuite -->
  <testcase name="@AfterTest afterTest" time="0.0" classname="com.appium.base.BaseTest">
    <ignored/>
  </testcase> <!-- @AfterTest afterTest -->
  <testcase name="@AfterTest afterTest" time="0.0" classname="com.appium.base.BaseTest">
    <ignored/>
  </testcase> <!-- @AfterTest afterTest -->
</testsuite> <!-- Tests_on_Emulator_Pixel_3 -->
